e:\poetask\blackbone\src\blackbone\x64\debug\error.obj
e:\poetask\blackbone\src\blackbone\x64\debug\x86cpuinfo.obj
e:\poetask\blackbone\src\blackbone\x64\debug\drivercontrol.obj
e:\poetask\blackbone\src\blackbone\x64\debug\patternsearch.obj
e:\poetask\blackbone\src\blackbone\x64\debug\remoteexec.obj
e:\poetask\blackbone\src\blackbone\x64\debug\patternloader.obj
e:\poetask\blackbone\src\blackbone\x64\debug\globals.obj
e:\poetask\blackbone\src\blackbone\x64\debug\operand.obj
e:\poetask\blackbone\src\blackbone\x64\debug\x86operand.obj
e:\poetask\blackbone\src\blackbone\x64\debug\tracehook.obj
e:\poetask\blackbone\src\blackbone\x64\debug\utils.obj
e:\poetask\blackbone\src\blackbone\x64\debug\process.obj
e:\poetask\blackbone\src\blackbone\x64\debug\threads.obj
e:\poetask\blackbone\src\blackbone\x64\debug\constpool.obj
e:\poetask\blackbone\src\blackbone\x64\debug\x86assembler.obj
e:\poetask\blackbone\src\blackbone\x64\debug\mmap.obj
e:\poetask\blackbone\src\blackbone\x64\debug\processmodules.obj
e:\poetask\blackbone\src\blackbone\x64\debug\pdbhelper.obj
e:\poetask\blackbone\src\blackbone\x64\debug\cpuinfo.obj
e:\poetask\blackbone\src\blackbone\x64\debug\vmem.obj
e:\poetask\blackbone\src\blackbone\x64\debug\x86operand_regs.obj
e:\poetask\blackbone\src\blackbone\x64\debug\mexcept.obj
e:\poetask\blackbone\src\blackbone\x64\debug\memblock.obj
e:\poetask\blackbone\src\blackbone\x64\debug\remotelocalhook.obj
e:\poetask\blackbone\src\blackbone\x64\debug\x86subsystem.obj
e:\poetask\blackbone\src\blackbone\x64\debug\cputicks.obj
e:\poetask\blackbone\src\blackbone\x64\debug\x86inst.obj
e:\poetask\blackbone\src\blackbone\x64\debug\localhookbase.obj
e:\poetask\blackbone\src\blackbone\x64\debug\imagenet.obj
e:\poetask\blackbone\src\blackbone\x64\debug\processcore.obj
e:\poetask\blackbone\src\blackbone\x64\debug\thread.obj
e:\poetask\blackbone\src\blackbone\x64\debug\nativesubsystem.obj
e:\poetask\blackbone\src\blackbone\x64\debug\assembler.obj
e:\poetask\blackbone\src\blackbone\x64\debug\string.obj
e:\poetask\blackbone\src\blackbone\x64\debug\wow64ext.obj
e:\poetask\blackbone\src\blackbone\x64\debug\ntloader.obj
e:\poetask\blackbone\src\blackbone\x64\debug\processmemory.obj
e:\poetask\blackbone\src\blackbone\x64\debug\wow64subsystem.obj
e:\poetask\blackbone\src\blackbone\x64\debug\containers.obj
e:\poetask\blackbone\src\blackbone\x64\debug\zone.obj
e:\poetask\blackbone\src\blackbone\x64\debug\asmhelper32.obj
e:\poetask\blackbone\src\blackbone\x64\debug\initonce.obj
e:\poetask\blackbone\src\blackbone\x64\debug\peimage.obj
e:\poetask\blackbone\src\blackbone\x64\debug\remotememory.obj
e:\poetask\blackbone\src\blackbone\x64\debug\symbolloader.obj
e:\poetask\blackbone\src\blackbone\x64\debug\codegen.obj
e:\poetask\blackbone\src\blackbone\x64\debug\runtime.obj
e:\poetask\blackbone\src\blackbone\x64\debug\asmhelper64.obj
e:\poetask\blackbone\src\blackbone\x64\debug\nameresolve.obj
e:\poetask\blackbone\src\blackbone\x64\debug\remotehook.obj
e:\poetask\blackbone\src\blackbone\x64\debug\symboldata.obj
e:\poetask\x64\debug\blackbone.pdb
e:\poetask\blackbone\src\blackbone\x64\debug\ldasm.obj
e:\poetask\x64\debug\blackbone.lib
e:\poetask\blackbone\src\blackbone\\x64\debug\blackbone.vcxproj.filelistabsolute.txt
e:\poetask\blackbone\src\blackbone\x64\debug\blackbone.tlog\cl.command.1.tlog
e:\poetask\blackbone\src\blackbone\x64\debug\blackbone.tlog\cl.items.tlog
e:\poetask\blackbone\src\blackbone\x64\debug\blackbone.tlog\cl.read.1.tlog
e:\poetask\blackbone\src\blackbone\x64\debug\blackbone.tlog\cl.write.1.tlog
e:\poetask\blackbone\src\blackbone\x64\debug\blackbone.tlog\lib-link.read.1.tlog
e:\poetask\blackbone\src\blackbone\x64\debug\blackbone.tlog\lib-link.write.1.tlog
e:\poetask\blackbone\src\blackbone\x64\debug\blackbone.tlog\lib.command.1.tlog
