  assembler.cpp
  codegen.cpp
  constpool.cpp
  containers.cpp
  cpuinfo.cpp
  cputicks.cpp
  error.cpp
  globals.cpp
  operand.cpp
  runtime.cpp
  string.cpp
  vmem.cpp
  zone.cpp
  x86assembler.cpp
  x86cpuinfo.cpp
  x86inst.cpp
  x86operand.cpp
  x86operand_regs.cpp
  wow64ext.cpp
  AsmHelper32.cpp
  AsmHelper64.cpp
  DriverControl.cpp
  LocalHookBase.cpp
  TraceHook.cpp
  MExcept.cpp
  MMap.cpp
  NtLoader.cpp
  InitOnce.cpp
  NameResolve.cpp
  Utils.cpp
  PatternSearch.cpp
  ImageNET.cpp
  PEImage.cpp
  MemBlock.cpp
  Process.cpp
E:\PoETask\BlackBone\src\BlackBone\ManualMap\MMap.cpp(342,14): warning C4189: 'st': local variable is initialized but not referenced
  ProcessCore.cpp
  ProcessMemory.cpp
  ProcessModules.cpp
  RemoteExec.cpp
  RemoteHook.cpp
  RemoteLocalHook.cpp
  RemoteMemory.cpp
  Thread.cpp
  Threads.cpp
  NativeSubsystem.cpp
  Wow64Subsystem.cpp
  x86Subsystem.cpp
  PatternLoader.cpp
  PDBHelper.cpp
  SymbolData.cpp
  SymbolLoader.cpp
  LDasm.c
  BlackBone.vcxproj -> E:\PoETask\x64\Debug\BlackBone.lib
  E:\PoETask\BlackBone\src\BlackBone\..\..\DIA\x64\msdia140.dll
  1 File(s) copied
  E:\PoETask\BlackBone\src\BlackBone\..\..\DIA\x64\symsrv.dll
  1 File(s) copied
