D:\Program Files (x86)\Microsoft Visual Studio\2017\Enterprise\Common7\IDE\VC\VCTargets\Microsoft.CppBuild.targets(387,5): warning MSB8028: The intermediate directory (F:\Control\PC\PUBG\Pury\BlackBone\src\BlackBone\\x64\Release\) contains files shared from another project (BlackBone.vcxproj).  This can lead to incorrect clean and rebuild behavior.
  assembler.cpp
  codegen.cpp
  constpool.cpp
  containers.cpp
  cpuinfo.cpp
  cputicks.cpp
  error.cpp
  globals.cpp
  operand.cpp
  runtime.cpp
  string.cpp
  vmem.cpp
  zone.cpp
  x86assembler.cpp
  x86cpuinfo.cpp
  x86inst.cpp
  x86operand.cpp
  x86operand_regs.cpp
  wow64ext.cpp
  AsmHelper32.cpp
  AsmHelper64.cpp
  DriverControl.cpp
  LocalHookBase.cpp
  TraceHook.cpp
  MExcept.cpp
  MMap.cpp
  NtLoader.cpp
  InitOnce.cpp
  NameResolve.cpp
  Utils.cpp
  PatternSearch.cpp
  ImageNET.cpp
  PEImage.cpp
  MemBlock.cpp
