f:\control\windows\pathofexile\project\poetask\blackbone\src\blackbone\x64\release\blackbone.pdb
f:\control\windows\pathofexile\project\poetask\blackbone\src\blackbone\x64\release\ldasm.obj
f:\control\windows\pathofexile\project\poetask\blackbone\src\blackbone\x64\release\codegen.obj
f:\control\windows\pathofexile\project\poetask\blackbone\src\blackbone\x64\release\string.obj
f:\control\windows\pathofexile\project\poetask\blackbone\src\blackbone\x64\release\asmhelper32.obj
f:\control\windows\pathofexile\project\poetask\blackbone\src\blackbone\x64\release\nameresolve.obj
f:\control\windows\pathofexile\project\poetask\blackbone\src\blackbone\x64\release\remoteexec.obj
f:\control\windows\pathofexile\project\poetask\blackbone\src\blackbone\x64\release\pdbhelper.obj
f:\control\windows\pathofexile\project\poetask\blackbone\src\blackbone\x64\release\cputicks.obj
f:\control\windows\pathofexile\project\poetask\blackbone\src\blackbone\x64\release\x86inst.obj
f:\control\windows\pathofexile\project\poetask\blackbone\src\blackbone\x64\release\drivercontrol.obj
f:\control\windows\pathofexile\project\poetask\blackbone\src\blackbone\x64\release\utils.obj
f:\control\windows\pathofexile\project\poetask\blackbone\src\blackbone\x64\release\memblock.obj
f:\control\windows\pathofexile\project\poetask\blackbone\src\blackbone\x64\release\remotehook.obj
f:\control\windows\pathofexile\project\poetask\blackbone\src\blackbone\x64\release\symboldata.obj
f:\control\windows\pathofexile\project\poetask\blackbone\src\blackbone\x64\release\error.obj
f:\control\windows\pathofexile\project\poetask\blackbone\src\blackbone\x64\release\operand.obj
f:\control\windows\pathofexile\project\poetask\blackbone\src\blackbone\x64\release\x86operand_regs.obj
f:\control\windows\pathofexile\project\poetask\blackbone\src\blackbone\x64\release\tracehook.obj
f:\control\windows\pathofexile\project\poetask\blackbone\src\blackbone\x64\release\patternsearch.obj
f:\control\windows\pathofexile\project\poetask\blackbone\src\blackbone\x64\release\remotelocalhook.obj
f:\control\windows\pathofexile\project\poetask\blackbone\src\blackbone\x64\release\patternloader.obj
f:\control\windows\pathofexile\project\poetask\blackbone\src\blackbone\x64\release\containers.obj
f:\control\windows\pathofexile\project\poetask\blackbone\src\blackbone\x64\release\x86cpuinfo.obj
f:\control\windows\pathofexile\project\poetask\blackbone\src\blackbone\x64\release\localhookbase.obj
f:\control\windows\pathofexile\project\poetask\blackbone\src\blackbone\x64\release\imagenet.obj
f:\control\windows\pathofexile\project\poetask\blackbone\src\blackbone\x64\release\processcore.obj
f:\control\windows\pathofexile\project\poetask\blackbone\src\blackbone\x64\release\thread.obj
f:\control\windows\pathofexile\project\poetask\blackbone\src\blackbone\x64\release\wow64subsystem.obj
f:\control\windows\pathofexile\project\poetask\blackbone\src\blackbone\x64\release\cpuinfo.obj
f:\control\windows\pathofexile\project\poetask\blackbone\src\blackbone\x64\release\x86assembler.obj
f:\control\windows\pathofexile\project\poetask\blackbone\src\blackbone\x64\release\mmap.obj
f:\control\windows\pathofexile\project\poetask\blackbone\src\blackbone\x64\release\processmemory.obj
f:\control\windows\pathofexile\project\poetask\blackbone\src\blackbone\x64\release\nativesubsystem.obj
f:\control\windows\pathofexile\project\poetask\blackbone\src\blackbone\x64\release\constpool.obj
f:\control\windows\pathofexile\project\poetask\blackbone\src\blackbone\x64\release\vmem.obj
f:\control\windows\pathofexile\project\poetask\blackbone\src\blackbone\x64\release\asmhelper64.obj
f:\control\windows\pathofexile\project\poetask\blackbone\src\blackbone\x64\release\initonce.obj
f:\control\windows\pathofexile\project\poetask\blackbone\src\blackbone\x64\release\peimage.obj
f:\control\windows\pathofexile\project\poetask\blackbone\src\blackbone\x64\release\remotememory.obj
f:\control\windows\pathofexile\project\poetask\blackbone\src\blackbone\x64\release\assembler.obj
f:\control\windows\pathofexile\project\poetask\blackbone\src\blackbone\x64\release\runtime.obj
f:\control\windows\pathofexile\project\poetask\blackbone\src\blackbone\x64\release\wow64ext.obj
f:\control\windows\pathofexile\project\poetask\blackbone\src\blackbone\x64\release\ntloader.obj
f:\control\windows\pathofexile\project\poetask\blackbone\src\blackbone\x64\release\processmodules.obj
f:\control\windows\pathofexile\project\poetask\blackbone\src\blackbone\x64\release\x86subsystem.obj
f:\control\windows\pathofexile\project\poetask\blackbone\src\blackbone\x64\release\globals.obj
f:\control\windows\pathofexile\project\poetask\blackbone\src\blackbone\x64\release\zone.obj
f:\control\windows\pathofexile\project\poetask\blackbone\src\blackbone\x64\release\x86operand.obj
f:\control\windows\pathofexile\project\poetask\blackbone\src\blackbone\x64\release\mexcept.obj
f:\control\windows\pathofexile\project\poetask\blackbone\src\blackbone\x64\release\process.obj
f:\control\windows\pathofexile\project\poetask\blackbone\src\blackbone\x64\release\threads.obj
f:\control\windows\pathofexile\project\poetask\blackbone\src\blackbone\x64\release\symbolloader.obj
f:\control\windows\pathofexile\project\poetask\build\x64\release\blackbone.lib
d:\workspace\poe2\poetask\blackbone\src\blackbone\x64\release\asmhelper32.obj
d:\workspace\poe2\poetask\blackbone\src\blackbone\x64\release\asmhelper64.obj
d:\workspace\poe2\poetask\blackbone\src\blackbone\x64\release\assembler.obj
d:\workspace\poe2\poetask\blackbone\src\blackbone\x64\release\codegen.obj
d:\workspace\poe2\poetask\blackbone\src\blackbone\x64\release\constpool.obj
d:\workspace\poe2\poetask\blackbone\src\blackbone\x64\release\containers.obj
d:\workspace\poe2\poetask\blackbone\src\blackbone\x64\release\cpuinfo.obj
d:\workspace\poe2\poetask\blackbone\src\blackbone\x64\release\cputicks.obj
d:\workspace\poe2\poetask\blackbone\src\blackbone\x64\release\drivercontrol.obj
d:\workspace\poe2\poetask\blackbone\src\blackbone\x64\release\error.obj
d:\workspace\poe2\poetask\blackbone\src\blackbone\x64\release\globals.obj
d:\workspace\poe2\poetask\blackbone\src\blackbone\x64\release\imagenet.obj
d:\workspace\poe2\poetask\blackbone\src\blackbone\x64\release\initonce.obj
d:\workspace\poe2\poetask\blackbone\src\blackbone\x64\release\ldasm.obj
d:\workspace\poe2\poetask\blackbone\src\blackbone\x64\release\localhookbase.obj
d:\workspace\poe2\poetask\blackbone\src\blackbone\x64\release\memblock.obj
d:\workspace\poe2\poetask\blackbone\src\blackbone\x64\release\mexcept.obj
d:\workspace\poe2\poetask\blackbone\src\blackbone\x64\release\mmap.obj
d:\workspace\poe2\poetask\blackbone\src\blackbone\x64\release\nameresolve.obj
d:\workspace\poe2\poetask\blackbone\src\blackbone\x64\release\nativesubsystem.obj
d:\workspace\poe2\poetask\blackbone\src\blackbone\x64\release\ntloader.obj
d:\workspace\poe2\poetask\blackbone\src\blackbone\x64\release\operand.obj
d:\workspace\poe2\poetask\blackbone\src\blackbone\x64\release\patternloader.obj
d:\workspace\poe2\poetask\blackbone\src\blackbone\x64\release\patternsearch.obj
d:\workspace\poe2\poetask\blackbone\src\blackbone\x64\release\pdbhelper.obj
d:\workspace\poe2\poetask\blackbone\src\blackbone\x64\release\peimage.obj
d:\workspace\poe2\poetask\blackbone\src\blackbone\x64\release\process.obj
d:\workspace\poe2\poetask\blackbone\src\blackbone\x64\release\processcore.obj
d:\workspace\poe2\poetask\blackbone\src\blackbone\x64\release\processmemory.obj
d:\workspace\poe2\poetask\blackbone\src\blackbone\x64\release\processmodules.obj
d:\workspace\poe2\poetask\blackbone\src\blackbone\x64\release\remoteexec.obj
d:\workspace\poe2\poetask\blackbone\src\blackbone\x64\release\remotehook.obj
d:\workspace\poe2\poetask\blackbone\src\blackbone\x64\release\remotelocalhook.obj
d:\workspace\poe2\poetask\blackbone\src\blackbone\x64\release\remotememory.obj
d:\workspace\poe2\poetask\blackbone\src\blackbone\x64\release\runtime.obj
d:\workspace\poe2\poetask\blackbone\src\blackbone\x64\release\string.obj
d:\workspace\poe2\poetask\blackbone\src\blackbone\x64\release\symboldata.obj
d:\workspace\poe2\poetask\blackbone\src\blackbone\x64\release\symbolloader.obj
d:\workspace\poe2\poetask\blackbone\src\blackbone\x64\release\thread.obj
d:\workspace\poe2\poetask\blackbone\src\blackbone\x64\release\threads.obj
d:\workspace\poe2\poetask\blackbone\src\blackbone\x64\release\tracehook.obj
d:\workspace\poe2\poetask\blackbone\src\blackbone\x64\release\utils.obj
d:\workspace\poe2\poetask\blackbone\src\blackbone\x64\release\vmem.obj
d:\workspace\poe2\poetask\blackbone\src\blackbone\x64\release\wow64ext.obj
d:\workspace\poe2\poetask\blackbone\src\blackbone\x64\release\wow64subsystem.obj
d:\workspace\poe2\poetask\blackbone\src\blackbone\x64\release\x86assembler.obj
d:\workspace\poe2\poetask\blackbone\src\blackbone\x64\release\x86cpuinfo.obj
d:\workspace\poe2\poetask\blackbone\src\blackbone\x64\release\x86inst.obj
d:\workspace\poe2\poetask\blackbone\src\blackbone\x64\release\x86operand.obj
d:\workspace\poe2\poetask\blackbone\src\blackbone\x64\release\x86operand_regs.obj
d:\workspace\poe2\poetask\blackbone\src\blackbone\x64\release\x86subsystem.obj
d:\workspace\poe2\poetask\blackbone\src\blackbone\x64\release\zone.obj
d:\workspace\poe2\poetask\blackbone\src\blackbone\x64\release\blackbone.pdb
d:\workspace\poe2\poetask\build\x64\release\blackbone.pdb
d:\workspace\poe2\poetask\build\x64\release\blackbone.lib
d:\workspace\poe2\poetask\blackbone\src\blackbone\x64\release\blackbone.tlog\cl.command.1.tlog
d:\workspace\poe2\poetask\blackbone\src\blackbone\x64\release\blackbone.tlog\cl.read.1.tlog
d:\workspace\poe2\poetask\blackbone\src\blackbone\x64\release\blackbone.tlog\cl.write.1.tlog
d:\workspace\poe2\poetask\blackbone\src\blackbone\x64\release\blackbone.tlog\lib-link.read.1.tlog
d:\workspace\poe2\poetask\blackbone\src\blackbone\x64\release\blackbone.tlog\lib-link.write.1.tlog
d:\workspace\poe2\poetask\blackbone\src\blackbone\x64\release\blackbone.tlog\lib.command.1.tlog
