f:\control\windows\pathofexile\project\poetask\poetask\x64\release\poetask.pch
f:\control\windows\pathofexile\project\poetask\poetask\x64\release\vc141.pdb
f:\control\windows\pathofexile\project\poetask\poetask\x64\release\stdafx.obj
f:\control\windows\pathofexile\project\poetask\poetask\x64\release\jsoncpp.obj
f:\control\windows\pathofexile\project\poetask\poetask\x64\release\inplaceedit.obj
f:\control\windows\pathofexile\project\poetask\poetask\x64\release\inplacecombo.obj
f:\control\windows\pathofexile\project\poetask\poetask\x64\release\httpclient.obj
f:\control\windows\pathofexile\project\poetask\poetask\x64\release\hlistbox.obj
f:\control\windows\pathofexile\project\poetask\poetask\x64\release\deviceinfo.obj
f:\control\windows\pathofexile\project\poetask\poetask\x64\release\combolistctrl.obj
f:\control\windows\pathofexile\project\poetask\poetask\x64\release\checkheadctrl.obj
f:\control\windows\pathofexile\project\poetask\poetask\x64\release\engine.obj
f:\control\windows\pathofexile\project\poetask\poetask\x64\release\buffer_asio.obj
f:\control\windows\pathofexile\project\poetask\poetask\x64\release\asio.obj
f:\control\windows\pathofexile\project\poetask\poetask\x64\release\poetaskdlg.obj
f:\control\windows\pathofexile\project\poetask\poetask\x64\release\poetask.obj
f:\control\windows\pathofexile\project\poetask\poetask\x64\release\injectcore.obj
f:\control\windows\pathofexile\project\poetask\poetask\x64\release\common.obj
f:\control\windows\pathofexile\project\poetask\poetask\x64\release\auth.obj
f:\control\windows\pathofexile\project\poetask\poetask\x64\release\global.obj
d:\workspace\poe2\poetask\poetask\x64\release\poetask.pch
d:\workspace\poe2\poetask\poetask\x64\release\vc143.pdb
d:\workspace\poe2\poetask\poetask\x64\release\stdafx.obj
f:\control\windows\pathofexile\project\poetask\x64\release\poetask.exe
f:\control\windows\pathofexile\project\poetask\x64\release\poetask.pdb
f:\control\windows\pathofexile\project\poetask\x64\release\poetask.ipdb
f:\control\windows\pathofexile\project\poetask\x64\release\poetask.iobj
f:\control\windows\pathofexile\project\poetask\poetask\x64\release\poetask.res
d:\workspace\poe2\poetask\poetask\x64\release\asio.obj
d:\workspace\poe2\poetask\poetask\x64\release\auth.obj
d:\workspace\poe2\poetask\poetask\x64\release\buffer_asio.obj
d:\workspace\poe2\poetask\poetask\x64\release\checkheadctrl.obj
d:\workspace\poe2\poetask\poetask\x64\release\combolistctrl.obj
d:\workspace\poe2\poetask\poetask\x64\release\common.obj
d:\workspace\poe2\poetask\poetask\x64\release\deviceinfo.obj
d:\workspace\poe2\poetask\poetask\x64\release\engine.obj
d:\workspace\poe2\poetask\poetask\x64\release\global.obj
d:\workspace\poe2\poetask\poetask\x64\release\hlistbox.obj
d:\workspace\poe2\poetask\poetask\x64\release\httpclient.obj
d:\workspace\poe2\poetask\poetask\x64\release\injectcore.obj
d:\workspace\poe2\poetask\poetask\x64\release\inplacecombo.obj
d:\workspace\poe2\poetask\poetask\x64\release\inplaceedit.obj
d:\workspace\poe2\poetask\poetask\x64\release\jsoncpp.obj
d:\workspace\poe2\poetask\poetask\x64\release\poetask.obj
d:\workspace\poe2\poetask\poetask\x64\release\poetaskdlg.obj
d:\workspace\poe2\poetask\poetask\x64\release\poetask.res
d:\workspace\poe2\poetask\poetask\x64\release\vc141.pdb
d:\workspace\poe2\poetask\poetask\x64\release\poetask.tlog\cl.command.1.tlog
d:\workspace\poe2\poetask\poetask\x64\release\poetask.tlog\cl.read.1.tlog
d:\workspace\poe2\poetask\poetask\x64\release\poetask.tlog\cl.write.1.tlog
d:\workspace\poe2\poetask\poetask\x64\release\poetask.tlog\link.command.1.tlog
d:\workspace\poe2\poetask\poetask\x64\release\poetask.tlog\link.read.1.tlog
d:\workspace\poe2\poetask\poetask\x64\release\poetask.tlog\link.write.1.tlog
d:\workspace\poe2\poetask\poetask\x64\release\poetask.tlog\poetask.write.1u.tlog
d:\workspace\poe2\poetask\poetask\x64\release\poetask.tlog\rc.command.1.tlog
d:\workspace\poe2\poetask\poetask\x64\release\poetask.tlog\rc.read.1.tlog
d:\workspace\poe2\poetask\poetask\x64\release\poetask.tlog\rc.write.1.tlog
