  assembler.cpp
  codegen.cpp
  constpool.cpp
  containers.cpp
  cpuinfo.cpp
  cputicks.cpp
  error.cpp
  globals.cpp
  operand.cpp
  runtime.cpp
  string.cpp
  vmem.cpp
  zone.cpp
  x86assembler.cpp
  x86cpuinfo.cpp
  x86inst.cpp
  x86operand.cpp
  x86operand_regs.cpp
  wow64ext.cpp
  AsmHelper32.cpp
  AsmHelper64.cpp
  DriverControl.cpp
  LocalHookBase.cpp
  TraceHook.cpp
  MExcept.cpp
  MMap.cpp
  NtLoader.cpp
f:\control\pc\pubg\pury_20180227_2\pury\blackbone\src\blackbone\misc\trace.hpp(31): error C4996: 'swprintf': function has been changed to conform with the ISO C standard, adding an extra character count parameter. To use the traditional Microsoft version, set _CRT_NON_CONFORMING_SWPRINTFS. (compiling source file DriverControl\DriverControl.cpp)
  c:\program files (x86)\windows kits\10\include\10.0.16299.0\ucrt\corecrt_wstdio.h(1822): note: see declaration of 'swprintf' (compiling source file DriverControl\DriverControl.cpp)
f:\control\pc\pubg\pury_20180227_2\pury\blackbone\src\blackbone\misc\trace.hpp(32): error C4996: '_wfopen': This function or variable may be unsafe. Consider using _wfopen_s instead. To disable deprecation, use _CRT_SECURE_NO_WARNINGS. See online help for details. (compiling source file DriverControl\DriverControl.cpp)
  c:\program files (x86)\windows kits\10\include\10.0.16299.0\ucrt\corecrt_wstdio.h(130): note: see declaration of '_wfopen' (compiling source file DriverControl\DriverControl.cpp)
f:\control\pc\pubg\pury_20180227_2\pury\blackbone\src\blackbone\misc\trace.hpp(54): error C4996: 'swprintf': function has been changed to conform with the ISO C standard, adding an extra character count parameter. To use the traditional Microsoft version, set _CRT_NON_CONFORMING_SWPRINTFS. (compiling source file DriverControl\DriverControl.cpp)
  c:\program files (x86)\windows kits\10\include\10.0.16299.0\ucrt\corecrt_wstdio.h(1822): note: see declaration of 'swprintf' (compiling source file DriverControl\DriverControl.cpp)
f:\control\pc\pubg\pury_20180227_2\pury\blackbone\src\blackbone\misc\trace.hpp(55): error C4996: '_wfopen': This function or variable may be unsafe. Consider using _wfopen_s instead. To disable deprecation, use _CRT_SECURE_NO_WARNINGS. See online help for details. (compiling source file DriverControl\DriverControl.cpp)
  c:\program files (x86)\windows kits\10\include\10.0.16299.0\ucrt\corecrt_wstdio.h(130): note: see declaration of '_wfopen' (compiling source file DriverControl\DriverControl.cpp)
  InitOnce.cpp
  NameResolve.cpp
  Utils.cpp
  PatternSearch.cpp
  ImageNET.cpp
f:\control\pc\pubg\pury_20180227_2\pury\blackbone\src\blackbone\misc\trace.hpp(31): error C4996: 'swprintf': function has been changed to conform with the ISO C standard, adding an extra character count parameter. To use the traditional Microsoft version, set _CRT_NON_CONFORMING_SWPRINTFS. (compiling source file ManualMap\MExcept.cpp)
  c:\program files (x86)\windows kits\10\include\10.0.16299.0\ucrt\corecrt_wstdio.h(1822): note: see declaration of 'swprintf' (compiling source file ManualMap\MExcept.cpp)
f:\control\pc\pubg\pury_20180227_2\pury\blackbone\src\blackbone\misc\trace.hpp(32): error C4996: '_wfopen': This function or variable may be unsafe. Consider using _wfopen_s instead. To disable deprecation, use _CRT_SECURE_NO_WARNINGS. See online help for details. (compiling source file ManualMap\MExcept.cpp)
  c:\program files (x86)\windows kits\10\include\10.0.16299.0\ucrt\corecrt_wstdio.h(130): note: see declaration of '_wfopen' (compiling source file ManualMap\MExcept.cpp)
f:\control\pc\pubg\pury_20180227_2\pury\blackbone\src\blackbone\misc\trace.hpp(54): error C4996: 'swprintf': function has been changed to conform with the ISO C standard, adding an extra character count parameter. To use the traditional Microsoft version, set _CRT_NON_CONFORMING_SWPRINTFS. (compiling source file ManualMap\MExcept.cpp)
  c:\program files (x86)\windows kits\10\include\10.0.16299.0\ucrt\corecrt_wstdio.h(1822): note: see declaration of 'swprintf' (compiling source file ManualMap\MExcept.cpp)
f:\control\pc\pubg\pury_20180227_2\pury\blackbone\src\blackbone\misc\trace.hpp(55): error C4996: '_wfopen': This function or variable may be unsafe. Consider using _wfopen_s instead. To disable deprecation, use _CRT_SECURE_NO_WARNINGS. See online help for details. (compiling source file ManualMap\MExcept.cpp)
  c:\program files (x86)\windows kits\10\include\10.0.16299.0\ucrt\corecrt_wstdio.h(130): note: see declaration of '_wfopen' (compiling source file ManualMap\MExcept.cpp)
f:\control\pc\pubg\pury_20180227_2\pury\blackbone\src\blackbone\misc\trace.hpp(31): error C4996: 'swprintf': function has been changed to conform with the ISO C standard, adding an extra character count parameter. To use the traditional Microsoft version, set _CRT_NON_CONFORMING_SWPRINTFS. (compiling source file ManualMap\Native\NtLoader.cpp)
  c:\program files (x86)\windows kits\10\include\10.0.16299.0\ucrt\corecrt_wstdio.h(1822): note: see declaration of 'swprintf' (compiling source file ManualMap\Native\NtLoader.cpp)
f:\control\pc\pubg\pury_20180227_2\pury\blackbone\src\blackbone\misc\trace.hpp(32): error C4996: '_wfopen': This function or variable may be unsafe. Consider using _wfopen_s instead. To disable deprecation, use _CRT_SECURE_NO_WARNINGS. See online help for details. (compiling source file ManualMap\Native\NtLoader.cpp)
  c:\program files (x86)\windows kits\10\include\10.0.16299.0\ucrt\corecrt_wstdio.h(130): note: see declaration of '_wfopen' (compiling source file ManualMap\Native\NtLoader.cpp)
f:\control\pc\pubg\pury_20180227_2\pury\blackbone\src\blackbone\misc\trace.hpp(54): error C4996: 'swprintf': function has been changed to conform with the ISO C standard, adding an extra character count parameter. To use the traditional Microsoft version, set _CRT_NON_CONFORMING_SWPRINTFS. (compiling source file ManualMap\Native\NtLoader.cpp)
  c:\program files (x86)\windows kits\10\include\10.0.16299.0\ucrt\corecrt_wstdio.h(1822): note: see declaration of 'swprintf' (compiling source file ManualMap\Native\NtLoader.cpp)
f:\control\pc\pubg\pury_20180227_2\pury\blackbone\src\blackbone\misc\trace.hpp(55): error C4996: '_wfopen': This function or variable may be unsafe. Consider using _wfopen_s instead. To disable deprecation, use _CRT_SECURE_NO_WARNINGS. See online help for details. (compiling source file ManualMap\Native\NtLoader.cpp)
  c:\program files (x86)\windows kits\10\include\10.0.16299.0\ucrt\corecrt_wstdio.h(130): note: see declaration of '_wfopen' (compiling source file ManualMap\Native\NtLoader.cpp)
f:\control\pc\pubg\pury_20180227_2\pury\blackbone\src\blackbone\misc\trace.hpp(31): error C4996: 'swprintf': function has been changed to conform with the ISO C standard, adding an extra character count parameter. To use the traditional Microsoft version, set _CRT_NON_CONFORMING_SWPRINTFS. (compiling source file ManualMap\MMap.cpp)
  c:\program files (x86)\windows kits\10\include\10.0.16299.0\ucrt\corecrt_wstdio.h(1822): note: see declaration of 'swprintf' (compiling source file ManualMap\MMap.cpp)
f:\control\pc\pubg\pury_20180227_2\pury\blackbone\src\blackbone\misc\trace.hpp(32): error C4996: '_wfopen': This function or variable may be unsafe. Consider using _wfopen_s instead. To disable deprecation, use _CRT_SECURE_NO_WARNINGS. See online help for details. (compiling source file ManualMap\MMap.cpp)
  c:\program files (x86)\windows kits\10\include\10.0.16299.0\ucrt\corecrt_wstdio.h(130): note: see declaration of '_wfopen' (compiling source file ManualMap\MMap.cpp)
f:\control\pc\pubg\pury_20180227_2\pury\blackbone\src\blackbone\misc\trace.hpp(54): error C4996: 'swprintf': function has been changed to conform with the ISO C standard, adding an extra character count parameter. To use the traditional Microsoft version, set _CRT_NON_CONFORMING_SWPRINTFS. (compiling source file ManualMap\MMap.cpp)
  c:\program files (x86)\windows kits\10\include\10.0.16299.0\ucrt\corecrt_wstdio.h(1822): note: see declaration of 'swprintf' (compiling source file ManualMap\MMap.cpp)
f:\control\pc\pubg\pury_20180227_2\pury\blackbone\src\blackbone\misc\trace.hpp(55): error C4996: '_wfopen': This function or variable may be unsafe. Consider using _wfopen_s instead. To disable deprecation, use _CRT_SECURE_NO_WARNINGS. See online help for details. (compiling source file ManualMap\MMap.cpp)
  c:\program files (x86)\windows kits\10\include\10.0.16299.0\ucrt\corecrt_wstdio.h(130): note: see declaration of '_wfopen' (compiling source file ManualMap\MMap.cpp)
  PEImage.cpp
  MemBlock.cpp
  Process.cpp
