f:\control\android\lineagem\project\tomcat(64)\encryptresource\x64\release\encryptresource.pch
f:\control\android\lineagem\project\tomcat(64)\encryptresource\x64\release\vc141.pdb
f:\control\android\lineagem\project\tomcat(64)\encryptresource\x64\release\pch.obj
f:\control\android\lineagem\project\tomcat(64)\encryptresource\x64\release\encryptresource.obj
f:\control\windows\lostark\project\findark\encryptresource\x64\release\encryptresource.pch
f:\control\windows\lostark\project\findark\encryptresource\x64\release\vc141.pdb
f:\control\windows\lostark\project\findark\encryptresource\x64\release\pch.obj
f:\control\windows\lostark\project\findark\encryptresource\x64\release\encryptresource.obj
f:\control\android\lineagem\project\tomcat(64)\x64\release\encryptresource.ipdb
f:\control\android\lineagem\project\tomcat(64)\x64\release\encryptresource.iobj
f:\control\windows\lostark\project\findark\x64\release\encryptresource.ipdb
f:\control\windows\lostark\project\findark\x64\release\encryptresource.iobj
f:\control\android\lineagem\project\tomcat(64)\x64\release\encryptresource.exe
f:\control\android\lineagem\project\tomcat(64)\x64\release\encryptresource.pdb
f:\control\windows\lostark\project\findark\x64\release\encryptresource.exe
f:\control\windows\lostark\project\findark\x64\release\encryptresource.pdb
d:\lawork\findark\encryptresource\x64\release\encryptresource.obj
d:\lawork\findark\encryptresource\x64\release\pch.obj
d:\lawork\findark\encryptresource\x64\release\encryptresource.pch
d:\lawork\findark\encryptresource\x64\release\vc141.pdb
d:\lawork\findark\x64\release\encryptresource.pdb
d:\lawork\findark\x64\release\encryptresource.exe
d:\lawork\findark\encryptresource\x64\release\encryptresource.tlog\cl.command.1.tlog
d:\lawork\findark\encryptresource\x64\release\encryptresource.tlog\cl.read.1.tlog
d:\lawork\findark\encryptresource\x64\release\encryptresource.tlog\cl.write.1.tlog
d:\lawork\findark\encryptresource\x64\release\encryptresource.tlog\encryptresource.write.1u.tlog
d:\lawork\findark\encryptresource\x64\release\encryptresource.tlog\link.command.1.tlog
d:\lawork\findark\encryptresource\x64\release\encryptresource.tlog\link.read.1.tlog
d:\lawork\findark\encryptresource\x64\release\encryptresource.tlog\link.write.1.tlog
